2026-01-11 04:31:00,382 - root - INFO - Centralized logging initialized - logs will rotate daily, keeping 30 days [in main.py:65]
2026-01-11 04:31:00,503 - root - INFO - Current environment: development [in main.py:131]
2026-01-11 04:31:00,504 - routes.contact_routes - INFO - Mail configured with username: info.omnitools@gmail.com [in contact_routes.py:56]
2026-01-11 04:31:00,504 - root - INFO - Using secret key: XDVsuperuser@1993 [in main.py:141]
2026-01-11 04:31:00,504 - root - INFO - Using local SQLite database: sqlite:///users.db [in main.py:147]
2026-01-11 04:31:00,934 - root - INFO - Centralized logging initialized - logs will rotate daily, keeping 30 days [in main.py:65]
2026-01-11 04:31:01,050 - root - INFO - Current environment: development [in main.py:131]
2026-01-11 04:31:01,050 - routes.contact_routes - INFO - Mail configured with username: info.omnitools@gmail.com [in contact_routes.py:56]
2026-01-11 04:31:01,050 - root - INFO - Using secret key: XDVsuperuser@1993 [in main.py:141]
2026-01-11 04:31:01,050 - root - INFO - Using local SQLite database: sqlite:///users.db [in main.py:147]
2026-01-11 04:31:01,070 - werkzeug - WARNING -  * Debugger is active! [in _internal.py:97]
2026-01-11 04:31:05,855 - routes.auth_routes - INFO - Login page accessed from IP: 127.0.0.1 [in auth_routes.py:200]
2026-01-11 04:31:14,406 - routes.auth_routes - INFO - 🔐 ULTRA-STRICT LOGIN attempt initiated from IP: 127.0.0.1 [in auth_routes.py:208]
2026-01-11 04:31:14,406 - routes.auth_routes - INFO - Login form data received - username: 'iamxdv', password: [PROVIDED] [in auth_routes.py:215]
2026-01-11 04:31:14,407 - routes.auth_routes - INFO - Verifying captcha for login attempt: 'iamxdv' [in auth_routes.py:234]
2026-01-11 04:31:14,407 - routes.auth_routes - INFO - Sending captcha verification request to Google [in auth_routes.py:38]
2026-01-11 04:31:15,339 - routes.auth_routes - INFO - Captcha verification successful [in auth_routes.py:44]
2026-01-11 04:31:15,341 - routes.auth_routes - INFO - ✅ Captcha verification passed for 'iamxdv' [in auth_routes.py:241]
2026-01-11 04:31:15,341 - routes.auth_routes - INFO - Looking up user in database: 'iamxdv' [in auth_routes.py:244]
2026-01-11 04:31:15,407 - routes.auth_routes - INFO - User found - ID: 4, Role: user, Email: mr.xyydevera@gmail.com [in auth_routes.py:254]
2026-01-11 04:31:15,407 - routes.auth_routes - INFO - Verifying password for user: 'iamxdv' [in auth_routes.py:257]
2026-01-11 04:31:15,694 - routes.auth_routes - INFO - ✅ Password verification passed for user: 'iamxdv' [in auth_routes.py:265]
2026-01-11 04:31:15,694 - routes.auth_routes - INFO - 🔒 ULTRA-STRICT: Starting email verification check for 'iamxdv' [in auth_routes.py:271]
2026-01-11 04:31:15,695 - routes.auth_routes - INFO - Email verification status for iamxdv: [in auth_routes.py:75]
2026-01-11 04:31:15,695 - routes.auth_routes - INFO -   - Database email_verified: True [in auth_routes.py:76]
2026-01-11 04:31:15,696 - routes.auth_routes - INFO -   - User created_at: 2026-01-10 20:06:08 [in auth_routes.py:77]
2026-01-11 04:31:15,696 - routes.auth_routes - INFO - ✅ SECURITY: User iamxdv email verification confirmed [in auth_routes.py:81]
2026-01-11 04:31:15,696 - routes.auth_routes - INFO - 🎉 SECURITY: Email verification confirmed for user: 'iamxdv' [in auth_routes.py:284]
2026-01-11 04:31:15,700 - routes.auth_routes - INFO - User tools assigned to session: ['Canada Tax Calculator', 'Character Counter', 'Email Templates', 'Tax Calculator', 'Unix Timestamp Converter'] [in auth_routes.py:296]
2026-01-11 04:31:15,709 - routes.auth_routes - INFO - Updated last login timestamp for user: 'iamxdv' [in auth_routes.py:302]
2026-01-11 04:31:15,711 - routes.auth_routes - INFO - 🎉🎉🎉 LOGIN SUCCESS: User 'iamxdv' logged in from IP: 127.0.0.1 [in auth_routes.py:312]
2026-01-11 04:31:15,711 - routes.auth_routes - INFO - Redirecting to: user.user_dashboard [in auth_routes.py:313]
2026-01-11 04:33:38,270 - root - INFO - Centralized logging initialized - logs will rotate daily, keeping 30 days [in main.py:65]
2026-01-11 04:33:38,387 - root - INFO - Current environment: development [in main.py:131]
2026-01-11 04:33:38,387 - routes.contact_routes - INFO - Mail configured with username: info.omnitools@gmail.com [in contact_routes.py:56]
2026-01-11 04:33:38,387 - root - INFO - Using secret key: XDVsuperuser@1993 [in main.py:141]
2026-01-11 04:33:38,387 - root - INFO - Using local SQLite database: sqlite:///users.db [in main.py:147]
2026-01-11 04:33:38,406 - werkzeug - WARNING -  * Debugger is active! [in _internal.py:97]
2026-01-11 04:33:50,017 - root - INFO - Centralized logging initialized - logs will rotate daily, keeping 30 days [in main.py:65]
2026-01-11 04:33:50,150 - root - INFO - Current environment: development [in main.py:131]
2026-01-11 04:33:50,150 - routes.contact_routes - INFO - Mail configured with username: info.omnitools@gmail.com [in contact_routes.py:56]
2026-01-11 04:33:50,151 - root - INFO - Using secret key: XDVsuperuser@1993 [in main.py:141]
2026-01-11 04:33:50,151 - root - INFO - Using local SQLite database: sqlite:///users.db [in main.py:147]
2026-01-11 04:33:50,171 - werkzeug - WARNING -  * Debugger is active! [in _internal.py:97]
2026-01-11 04:34:36,776 - root - INFO - Centralized logging initialized - logs will rotate daily, keeping 30 days [in main.py:65]
2026-01-11 04:34:36,889 - root - INFO - Current environment: development [in main.py:131]
2026-01-11 04:34:36,889 - routes.contact_routes - INFO - Mail configured with username: info.omnitools@gmail.com [in contact_routes.py:56]
2026-01-11 04:34:36,889 - root - INFO - Using secret key: XDVsuperuser@1993 [in main.py:141]
2026-01-11 04:34:36,889 - root - INFO - Using local SQLite database: sqlite:///users.db [in main.py:147]
2026-01-11 04:34:37,312 - root - INFO - Centralized logging initialized - logs will rotate daily, keeping 30 days [in main.py:65]
2026-01-11 04:34:37,427 - root - INFO - Current environment: development [in main.py:131]
2026-01-11 04:34:37,427 - routes.contact_routes - INFO - Mail configured with username: info.omnitools@gmail.com [in contact_routes.py:56]
2026-01-11 04:34:37,427 - root - INFO - Using secret key: XDVsuperuser@1993 [in main.py:141]
2026-01-11 04:34:37,427 - root - INFO - Using local SQLite database: sqlite:///users.db [in main.py:147]
2026-01-11 04:34:37,446 - werkzeug - WARNING -  * Debugger is active! [in _internal.py:97]
2026-01-11 04:43:59,755 - root - INFO - Centralized logging initialized - logs will rotate daily, keeping 30 days [in main.py:65]
2026-01-11 04:43:59,896 - root - INFO - Current environment: development [in main.py:131]
2026-01-11 04:43:59,896 - routes.contact_routes - INFO - Mail configured with username: info.omnitools@gmail.com [in contact_routes.py:56]
2026-01-11 04:43:59,896 - root - INFO - Using secret key: XDVsuperuser@1993 [in main.py:141]
2026-01-11 04:43:59,896 - root - INFO - Using local SQLite database: sqlite:///users.db [in main.py:147]
2026-01-11 04:44:56,818 - root - INFO - Centralized logging initialized - logs will rotate daily, keeping 30 days [in main.py:65]
2026-01-11 04:44:56,896 - root - INFO - Current environment: development [in main.py:131]
2026-01-11 04:44:56,896 - routes.contact_routes - INFO - Mail configured with username: info.omnitools@gmail.com [in contact_routes.py:56]
2026-01-11 04:44:56,896 - root - INFO - Using secret key: XDVsuperuser@1993 [in main.py:141]
2026-01-11 04:44:56,896 - root - INFO - Using local SQLite database: sqlite:///users.db [in main.py:147]
2026-01-11 04:45:33,229 - root - INFO - Centralized logging initialized - logs will rotate daily, keeping 30 days [in main.py:65]
2026-01-11 04:45:33,301 - root - INFO - Current environment: development [in main.py:131]
2026-01-11 04:45:33,301 - routes.contact_routes - INFO - Mail configured with username: info.omnitools@gmail.com [in contact_routes.py:56]
2026-01-11 04:45:33,301 - root - INFO - Using secret key: XDVsuperuser@1993 [in main.py:141]
2026-01-11 04:45:33,301 - root - INFO - Using local SQLite database: sqlite:///users.db [in main.py:147]
2026-01-11 04:49:26,770 - root - INFO - Centralized logging initialized - logs will rotate daily, keeping 30 days [in main.py:65]
2026-01-11 04:49:26,887 - root - INFO - Current environment: development [in main.py:131]
2026-01-11 04:49:26,888 - routes.contact_routes - INFO - Mail configured with username: info.omnitools@gmail.com [in contact_routes.py:56]
2026-01-11 04:49:26,888 - root - INFO - Using secret key: XDVsuperuser@1993 [in main.py:141]
2026-01-11 04:49:26,888 - root - INFO - Using local SQLite database: sqlite:///users.db [in main.py:147]
2026-01-11 04:49:27,308 - root - INFO - Centralized logging initialized - logs will rotate daily, keeping 30 days [in main.py:65]
2026-01-11 04:49:27,434 - root - INFO - Current environment: development [in main.py:131]
2026-01-11 04:49:27,434 - routes.contact_routes - INFO - Mail configured with username: info.omnitools@gmail.com [in contact_routes.py:56]
2026-01-11 04:49:27,434 - root - INFO - Using secret key: XDVsuperuser@1993 [in main.py:141]
2026-01-11 04:49:27,435 - root - INFO - Using local SQLite database: sqlite:///users.db [in main.py:147]
2026-01-11 04:49:27,458 - werkzeug - WARNING -  * Debugger is active! [in _internal.py:97]
2026-01-11 19:05:30,511 - root - INFO - Centralized logging initialized - logs will rotate daily, keeping 30 days [in main.py:65]
2026-01-11 19:05:30,764 - root - INFO - Current environment: development [in main.py:131]
2026-01-11 19:05:30,764 - routes.contact_routes - INFO - Mail configured with username: info.omnitools@gmail.com [in contact_routes.py:56]
2026-01-11 19:05:30,765 - root - INFO - Using secret key: XDVsuperuser@1993 [in main.py:141]
2026-01-11 19:05:30,765 - root - INFO - Using local SQLite database: sqlite:///users.db [in main.py:147]
2026-01-11 19:05:31,351 - root - INFO - Centralized logging initialized - logs will rotate daily, keeping 30 days [in main.py:65]
2026-01-11 19:05:31,467 - root - INFO - Current environment: development [in main.py:131]
2026-01-11 19:05:31,467 - routes.contact_routes - INFO - Mail configured with username: info.omnitools@gmail.com [in contact_routes.py:56]
2026-01-11 19:05:31,467 - root - INFO - Using secret key: XDVsuperuser@1993 [in main.py:141]
2026-01-11 19:05:31,467 - root - INFO - Using local SQLite database: sqlite:///users.db [in main.py:147]
2026-01-11 19:05:31,487 - werkzeug - WARNING -  * Debugger is active! [in _internal.py:97]
2026-01-11 19:05:38,285 - routes.auth_routes - INFO - Login page accessed from IP: 127.0.0.1 [in auth_routes.py:200]
2026-01-11 19:05:46,621 - routes.auth_routes - INFO - 🔐 ULTRA-STRICT LOGIN attempt initiated from IP: 127.0.0.1 [in auth_routes.py:208]
2026-01-11 19:05:46,622 - routes.auth_routes - INFO - Login form data received - username: 'iamxdv', password: [PROVIDED] [in auth_routes.py:215]
2026-01-11 19:05:46,622 - routes.auth_routes - INFO - Verifying captcha for login attempt: 'iamxdv' [in auth_routes.py:234]
2026-01-11 19:05:46,622 - routes.auth_routes - INFO - Sending captcha verification request to Google [in auth_routes.py:38]
2026-01-11 19:05:47,416 - routes.auth_routes - INFO - Captcha verification successful [in auth_routes.py:44]
2026-01-11 19:05:47,417 - routes.auth_routes - INFO - ✅ Captcha verification passed for 'iamxdv' [in auth_routes.py:241]
2026-01-11 19:05:47,418 - routes.auth_routes - INFO - Looking up user in database: 'iamxdv' [in auth_routes.py:244]
2026-01-11 19:05:47,467 - routes.auth_routes - INFO - User found - ID: 4, Role: user, Email: mr.xyydevera@gmail.com [in auth_routes.py:254]
2026-01-11 19:05:47,467 - routes.auth_routes - INFO - Verifying password for user: 'iamxdv' [in auth_routes.py:257]
2026-01-11 19:05:47,755 - routes.auth_routes - INFO - ✅ Password verification passed for user: 'iamxdv' [in auth_routes.py:265]
2026-01-11 19:05:47,755 - routes.auth_routes - INFO - 🔒 ULTRA-STRICT: Starting email verification check for 'iamxdv' [in auth_routes.py:271]
2026-01-11 19:05:47,756 - routes.auth_routes - INFO - Email verification status for iamxdv: [in auth_routes.py:75]
2026-01-11 19:05:47,757 - routes.auth_routes - INFO -   - Database email_verified: True [in auth_routes.py:76]
2026-01-11 19:05:47,757 - routes.auth_routes - INFO -   - User created_at: 2026-01-10 20:06:08 [in auth_routes.py:77]
2026-01-11 19:05:47,757 - routes.auth_routes - INFO - ✅ SECURITY: User iamxdv email verification confirmed [in auth_routes.py:81]
2026-01-11 19:05:47,757 - routes.auth_routes - INFO - 🎉 SECURITY: Email verification confirmed for user: 'iamxdv' [in auth_routes.py:284]
2026-01-11 19:05:47,762 - routes.auth_routes - INFO - User tools assigned to session: ['Canada Tax Calculator', 'Character Counter', 'Email Templates', 'Tax Calculator', 'Unified Tax Calculator', 'Unix Timestamp Converter'] [in auth_routes.py:296]
2026-01-11 19:05:47,768 - routes.auth_routes - INFO - Updated last login timestamp for user: 'iamxdv' [in auth_routes.py:302]
2026-01-11 19:05:47,771 - routes.auth_routes - INFO - 🎉🎉🎉 LOGIN SUCCESS: User 'iamxdv' logged in from IP: 127.0.0.1 [in auth_routes.py:312]
2026-01-11 19:05:47,771 - routes.auth_routes - INFO - Redirecting to: user.user_dashboard [in auth_routes.py:313]
2026-01-11 19:05:56,250 - root - WARNING - Tool Unified Tax Calculator is not implemented yet. [in tool_routes.py:433]
2026-01-11 19:06:02,977 - root - WARNING - Tool Canada Tax Calculator is not implemented yet. [in tool_routes.py:433]
2026-01-11 19:18:22,154 - root - INFO - Centralized logging initialized - logs will rotate daily, keeping 30 days [in main.py:65]
2026-01-11 19:18:22,273 - root - INFO - Current environment: development [in main.py:131]
2026-01-11 19:18:22,273 - routes.contact_routes - INFO - Mail configured with username: info.omnitools@gmail.com [in contact_routes.py:56]
2026-01-11 19:18:22,273 - root - INFO - Using secret key: XDVsuperuser@1993 [in main.py:141]
2026-01-11 19:18:22,273 - root - INFO - Using local SQLite database: sqlite:///users.db [in main.py:147]
2026-01-11 19:18:22,691 - root - INFO - Centralized logging initialized - logs will rotate daily, keeping 30 days [in main.py:65]
2026-01-11 19:18:22,805 - root - INFO - Current environment: development [in main.py:131]
2026-01-11 19:18:22,805 - routes.contact_routes - INFO - Mail configured with username: info.omnitools@gmail.com [in contact_routes.py:56]
2026-01-11 19:18:22,805 - root - INFO - Using secret key: XDVsuperuser@1993 [in main.py:141]
2026-01-11 19:18:22,805 - root - INFO - Using local SQLite database: sqlite:///users.db [in main.py:147]
2026-01-11 19:18:22,823 - werkzeug - WARNING -  * Debugger is active! [in _internal.py:97]
2026-01-11 19:21:01,242 - root - INFO - Centralized logging initialized - logs will rotate daily, keeping 30 days [in main.py:65]
2026-01-11 19:21:01,377 - root - INFO - Current environment: development [in main.py:131]
2026-01-11 19:21:01,377 - routes.contact_routes - INFO - Mail configured with username: info.omnitools@gmail.com [in contact_routes.py:56]
2026-01-11 19:21:01,377 - root - INFO - Using secret key: XDVsuperuser@1993 [in main.py:141]
2026-01-11 19:21:01,377 - root - INFO - Using local SQLite database: sqlite:///users.db [in main.py:147]
2026-01-11 19:22:15,148 - root - INFO - Centralized logging initialized - logs will rotate daily, keeping 30 days [in main.py:65]
2026-01-11 19:22:15,279 - root - INFO - Current environment: development [in main.py:131]
2026-01-11 19:22:15,279 - routes.contact_routes - INFO - Mail configured with username: info.omnitools@gmail.com [in contact_routes.py:56]
2026-01-11 19:22:15,279 - root - INFO - Using secret key: XDVsuperuser@1993 [in main.py:141]
2026-01-11 19:22:15,279 - root - INFO - Using local SQLite database: sqlite:///users.db [in main.py:147]
2026-01-11 19:22:27,210 - root - INFO - Centralized logging initialized - logs will rotate daily, keeping 30 days [in main.py:65]
2026-01-11 19:22:27,342 - root - INFO - Current environment: development [in main.py:131]
2026-01-11 19:22:27,342 - routes.contact_routes - INFO - Mail configured with username: info.omnitools@gmail.com [in contact_routes.py:56]
2026-01-11 19:22:27,342 - root - INFO - Using secret key: XDVsuperuser@1993 [in main.py:141]
2026-01-11 19:22:27,342 - root - INFO - Using local SQLite database: sqlite:///users.db [in main.py:147]
2026-01-11 19:25:16,058 - root - INFO - Centralized logging initialized - logs will rotate daily, keeping 30 days [in main.py:65]
2026-01-11 19:25:16,181 - root - INFO - Current environment: development [in main.py:131]
2026-01-11 19:25:16,182 - routes.contact_routes - INFO - Mail configured with username: info.omnitools@gmail.com [in contact_routes.py:56]
2026-01-11 19:25:16,182 - root - INFO - Using secret key: XDVsuperuser@1993 [in main.py:141]
2026-01-11 19:25:16,182 - root - INFO - Using local SQLite database: sqlite:///users.db [in main.py:147]
2026-01-11 19:25:16,204 - werkzeug - WARNING -  * Debugger is active! [in _internal.py:97]
2026-01-11 19:25:38,917 - root - INFO - Centralized logging initialized - logs will rotate daily, keeping 30 days [in main.py:65]
2026-01-11 19:25:39,035 - root - INFO - Current environment: development [in main.py:131]
2026-01-11 19:25:39,035 - routes.contact_routes - INFO - Mail configured with username: info.omnitools@gmail.com [in contact_routes.py:56]
2026-01-11 19:25:39,035 - root - INFO - Using secret key: XDVsuperuser@1993 [in main.py:141]
2026-01-11 19:25:39,036 - root - INFO - Using local SQLite database: sqlite:///users.db [in main.py:147]
2026-01-11 19:25:39,057 - werkzeug - WARNING -  * Debugger is active! [in _internal.py:97]
2026-01-11 19:26:03,782 - root - INFO - Centralized logging initialized - logs will rotate daily, keeping 30 days [in main.py:65]
2026-01-11 19:26:03,911 - root - INFO - Current environment: development [in main.py:131]
2026-01-11 19:26:03,911 - routes.contact_routes - INFO - Mail configured with username: info.omnitools@gmail.com [in contact_routes.py:56]
2026-01-11 19:26:03,911 - root - INFO - Using secret key: XDVsuperuser@1993 [in main.py:141]
2026-01-11 19:26:03,911 - root - INFO - Using local SQLite database: sqlite:///users.db [in main.py:147]
2026-01-11 19:26:03,933 - werkzeug - WARNING -  * Debugger is active! [in _internal.py:97]
2026-01-11 19:26:17,574 - root - INFO - Centralized logging initialized - logs will rotate daily, keeping 30 days [in main.py:65]
2026-01-11 19:26:17,690 - root - INFO - Current environment: development [in main.py:131]
2026-01-11 19:26:17,690 - routes.contact_routes - INFO - Mail configured with username: info.omnitools@gmail.com [in contact_routes.py:56]
2026-01-11 19:26:17,690 - root - INFO - Using secret key: XDVsuperuser@1993 [in main.py:141]
2026-01-11 19:26:17,690 - root - INFO - Using local SQLite database: sqlite:///users.db [in main.py:147]
2026-01-11 19:26:17,712 - werkzeug - WARNING -  * Debugger is active! [in _internal.py:97]
2026-01-11 19:26:30,324 - root - INFO - Centralized logging initialized - logs will rotate daily, keeping 30 days [in main.py:65]
2026-01-11 19:26:30,446 - root - INFO - Current environment: development [in main.py:131]
2026-01-11 19:26:30,447 - routes.contact_routes - INFO - Mail configured with username: info.omnitools@gmail.com [in contact_routes.py:56]
2026-01-11 19:26:30,447 - root - INFO - Using secret key: XDVsuperuser@1993 [in main.py:141]
2026-01-11 19:26:30,447 - root - INFO - Using local SQLite database: sqlite:///users.db [in main.py:147]
2026-01-11 19:26:30,466 - werkzeug - WARNING -  * Debugger is active! [in _internal.py:97]
2026-01-11 19:26:54,159 - root - INFO - Centralized logging initialized - logs will rotate daily, keeping 30 days [in main.py:65]
2026-01-11 19:26:54,276 - root - INFO - Current environment: development [in main.py:131]
2026-01-11 19:26:54,277 - routes.contact_routes - INFO - Mail configured with username: info.omnitools@gmail.com [in contact_routes.py:56]
2026-01-11 19:26:54,277 - root - INFO - Using secret key: XDVsuperuser@1993 [in main.py:141]
2026-01-11 19:26:54,277 - root - INFO - Using local SQLite database: sqlite:///users.db [in main.py:147]
2026-01-11 19:26:54,296 - werkzeug - WARNING -  * Debugger is active! [in _internal.py:97]
2026-01-11 19:27:18,011 - root - INFO - Centralized logging initialized - logs will rotate daily, keeping 30 days [in main.py:65]
2026-01-11 19:27:18,137 - root - INFO - Current environment: development [in main.py:131]
2026-01-11 19:27:18,137 - routes.contact_routes - INFO - Mail configured with username: info.omnitools@gmail.com [in contact_routes.py:56]
2026-01-11 19:27:18,138 - root - INFO - Using secret key: XDVsuperuser@1993 [in main.py:141]
2026-01-11 19:27:18,138 - root - INFO - Using local SQLite database: sqlite:///users.db [in main.py:147]
2026-01-11 19:27:18,159 - werkzeug - WARNING -  * Debugger is active! [in _internal.py:97]
2026-01-11 19:27:29,771 - root - INFO - Centralized logging initialized - logs will rotate daily, keeping 30 days [in main.py:65]
2026-01-11 19:27:29,886 - root - INFO - Current environment: development [in main.py:131]
2026-01-11 19:27:29,886 - routes.contact_routes - INFO - Mail configured with username: info.omnitools@gmail.com [in contact_routes.py:56]
2026-01-11 19:27:29,886 - root - INFO - Using secret key: XDVsuperuser@1993 [in main.py:141]
2026-01-11 19:27:29,886 - root - INFO - Using local SQLite database: sqlite:///users.db [in main.py:147]
2026-01-11 19:27:29,906 - werkzeug - WARNING -  * Debugger is active! [in _internal.py:97]
2026-01-11 19:27:42,521 - root - INFO - Centralized logging initialized - logs will rotate daily, keeping 30 days [in main.py:65]
2026-01-11 19:27:42,633 - root - INFO - Current environment: development [in main.py:131]
2026-01-11 19:27:42,633 - routes.contact_routes - INFO - Mail configured with username: info.omnitools@gmail.com [in contact_routes.py:56]
2026-01-11 19:27:42,633 - root - INFO - Using secret key: XDVsuperuser@1993 [in main.py:141]
2026-01-11 19:27:42,633 - root - INFO - Using local SQLite database: sqlite:///users.db [in main.py:147]
2026-01-11 19:27:42,652 - werkzeug - WARNING -  * Debugger is active! [in _internal.py:97]
2026-01-11 19:28:00,574 - root - INFO - Centralized logging initialized - logs will rotate daily, keeping 30 days [in main.py:65]
2026-01-11 19:28:00,643 - root - INFO - Current environment: development [in main.py:131]
2026-01-11 19:28:00,644 - routes.contact_routes - INFO - Mail configured with username: info.omnitools@gmail.com [in contact_routes.py:56]
2026-01-11 19:28:00,644 - root - INFO - Using secret key: XDVsuperuser@1993 [in main.py:141]
2026-01-11 19:28:00,644 - root - INFO - Using local SQLite database: sqlite:///users.db [in main.py:147]
2026-01-11 19:28:14,471 - root - INFO - Centralized logging initialized - logs will rotate daily, keeping 30 days [in main.py:65]
2026-01-11 19:28:14,600 - root - INFO - Current environment: development [in main.py:131]
2026-01-11 19:28:14,600 - routes.contact_routes - INFO - Mail configured with username: info.omnitools@gmail.com [in contact_routes.py:56]
2026-01-11 19:28:14,600 - root - INFO - Using secret key: XDVsuperuser@1993 [in main.py:141]
2026-01-11 19:28:14,600 - root - INFO - Using local SQLite database: sqlite:///users.db [in main.py:147]
2026-01-11 19:28:43,671 - root - INFO - Centralized logging initialized - logs will rotate daily, keeping 30 days [in main.py:65]
2026-01-11 19:28:43,790 - root - INFO - Current environment: development [in main.py:131]
2026-01-11 19:28:43,790 - routes.contact_routes - INFO - Mail configured with username: info.omnitools@gmail.com [in contact_routes.py:56]
2026-01-11 19:28:43,790 - root - INFO - Using secret key: XDVsuperuser@1993 [in main.py:141]
2026-01-11 19:28:43,791 - root - INFO - Using local SQLite database: sqlite:///users.db [in main.py:147]
2026-01-11 19:28:43,811 - werkzeug - WARNING -  * Debugger is active! [in _internal.py:97]
2026-01-11 19:28:54,447 - root - INFO - Centralized logging initialized - logs will rotate daily, keeping 30 days [in main.py:65]
2026-01-11 19:28:54,520 - root - INFO - Current environment: development [in main.py:131]
2026-01-11 19:28:54,520 - routes.contact_routes - INFO - Mail configured with username: info.omnitools@gmail.com [in contact_routes.py:56]
2026-01-11 19:28:54,521 - root - INFO - Using secret key: XDVsuperuser@1993 [in main.py:141]
2026-01-11 19:28:54,521 - root - INFO - Using local SQLite database: sqlite:///users.db [in main.py:147]
2026-01-11 19:29:10,920 - root - INFO - Centralized logging initialized - logs will rotate daily, keeping 30 days [in main.py:65]
2026-01-11 19:29:11,053 - root - INFO - Current environment: development [in main.py:131]
2026-01-11 19:29:11,053 - routes.contact_routes - INFO - Mail configured with username: info.omnitools@gmail.com [in contact_routes.py:56]
2026-01-11 19:29:11,053 - root - INFO - Using secret key: XDVsuperuser@1993 [in main.py:141]
2026-01-11 19:29:11,053 - root - INFO - Using local SQLite database: sqlite:///users.db [in main.py:147]
2026-01-11 19:58:19,776 - root - INFO - Centralized logging initialized - logs will rotate daily, keeping 30 days [in main.py:65]
2026-01-11 19:58:19,897 - root - INFO - Current environment: development [in main.py:131]
2026-01-11 19:58:19,897 - routes.contact_routes - INFO - Mail configured with username: info.omnitools@gmail.com [in contact_routes.py:56]
2026-01-11 19:58:19,897 - root - INFO - Using secret key: XDVsuperuser@1993 [in main.py:141]
2026-01-11 19:58:19,898 - root - INFO - Using local SQLite database: sqlite:///users.db [in main.py:147]
2026-01-11 19:58:20,331 - root - INFO - Centralized logging initialized - logs will rotate daily, keeping 30 days [in main.py:65]
2026-01-11 19:58:20,449 - root - INFO - Current environment: development [in main.py:131]
2026-01-11 19:58:20,449 - routes.contact_routes - INFO - Mail configured with username: info.omnitools@gmail.com [in contact_routes.py:56]
2026-01-11 19:58:20,449 - root - INFO - Using secret key: XDVsuperuser@1993 [in main.py:141]
2026-01-11 19:58:20,449 - root - INFO - Using local SQLite database: sqlite:///users.db [in main.py:147]
2026-01-11 19:58:20,469 - werkzeug - WARNING -  * Debugger is active! [in _internal.py:97]
2026-01-11 19:58:57,642 - root - INFO - Centralized logging initialized - logs will rotate daily, keeping 30 days [in main.py:65]
2026-01-11 19:58:57,757 - root - INFO - Current environment: development [in main.py:131]
2026-01-11 19:58:57,757 - routes.contact_routes - INFO - Mail configured with username: info.omnitools@gmail.com [in contact_routes.py:56]
2026-01-11 19:58:57,757 - root - INFO - Using secret key: XDVsuperuser@1993 [in main.py:141]
2026-01-11 19:58:57,758 - root - INFO - Using local SQLite database: sqlite:///users.db [in main.py:147]
2026-01-11 19:58:57,776 - werkzeug - WARNING -  * Debugger is active! [in _internal.py:97]
2026-01-11 19:59:14,595 - root - INFO - Centralized logging initialized - logs will rotate daily, keeping 30 days [in main.py:65]
2026-01-11 19:59:14,715 - root - INFO - Current environment: development [in main.py:131]
2026-01-11 19:59:14,715 - routes.contact_routes - INFO - Mail configured with username: info.omnitools@gmail.com [in contact_routes.py:56]
2026-01-11 19:59:14,715 - root - INFO - Using secret key: XDVsuperuser@1993 [in main.py:141]
2026-01-11 19:59:14,716 - root - INFO - Using local SQLite database: sqlite:///users.db [in main.py:147]
2026-01-11 19:59:14,735 - werkzeug - WARNING -  * Debugger is active! [in _internal.py:97]
2026-01-11 20:03:41,188 - root - INFO - Centralized logging initialized - logs will rotate daily, keeping 30 days [in main.py:65]
2026-01-11 20:03:41,301 - root - INFO - Current environment: development [in main.py:131]
2026-01-11 20:03:41,301 - routes.contact_routes - INFO - Mail configured with username: info.omnitools@gmail.com [in contact_routes.py:56]
2026-01-11 20:03:41,301 - root - INFO - Using secret key: XDVsuperuser@1993 [in main.py:141]
2026-01-11 20:03:41,301 - root - INFO - Using local SQLite database: sqlite:///users.db [in main.py:147]
2026-01-11 20:03:41,693 - root - INFO - Centralized logging initialized - logs will rotate daily, keeping 30 days [in main.py:65]
2026-01-11 20:03:41,803 - root - INFO - Current environment: development [in main.py:131]
2026-01-11 20:03:41,804 - routes.contact_routes - INFO - Mail configured with username: info.omnitools@gmail.com [in contact_routes.py:56]
2026-01-11 20:03:41,804 - root - INFO - Using secret key: XDVsuperuser@1993 [in main.py:141]
2026-01-11 20:03:41,804 - root - INFO - Using local SQLite database: sqlite:///users.db [in main.py:147]
2026-01-11 20:03:41,823 - werkzeug - WARNING -  * Debugger is active! [in _internal.py:97]
2026-01-11 20:08:27,194 - root - ERROR - Validation error in unified calculator: Shipping is marked as taxable but no tax rate provided. Please enter a shipping tax rate. [in tool_routes.py:216]
2026-01-11 20:08:27,194 - root - ERROR - Request data was: {'calculator_type': 'us', 'items': [{'price': 100, 'tax_rate': 12}], 'discounts': [{'amount': 10, 'item_index': 1}], 'shipping_cost': 50, 'shipping_taxable': True, 'options': {'is_sales_before_tax': True, 'discount_is_taxable': True}, 'shipping_tax_rate': 0} [in tool_routes.py:217]
2026-01-11 20:58:08,931 - root - INFO - Centralized logging initialized - logs will rotate daily, keeping 30 days [in main.py:65]
2026-01-11 21:00:56,875 - root - INFO - Centralized logging initialized - logs will rotate daily, keeping 30 days [in main.py:65]
2026-01-11 21:03:19,151 - root - INFO - Centralized logging initialized - logs will rotate daily, keeping 30 days [in main.py:65]
2026-01-11 21:03:53,649 - root - INFO - Centralized logging initialized - logs will rotate daily, keeping 30 days [in main.py:65]
